<?xml version="1.0" encoding="UTF-8"?>
<!-- Generated by org.testng.reporters.JUnitReportReporter -->
<testsuite hostname="LAPTOP-JCF6B40P" failures="0" tests="1" name="Pscript.Sample9" time="75.442" errors="0" timestamp="2022-10-26T09:25:20 IST" skipped="0">
  <testcase classname="Pscript.Sample9" name="Test3" time="75.442"/>
  <system-out/>
</testsuite> <!-- Pscript.Sample9 -->
