<?xml version="1.0" encoding="UTF-8"?>
<!-- Generated by org.testng.reporters.JUnitReportReporter -->
<testsuite hostname="LAPTOP-JCF6B40P" failures="0" tests="3" name="Pscript.TestNGannotations" time="0.013" errors="0" timestamp="2022-10-28T07:46:55 IST" skipped="0">
  <testcase classname="Pscript.TestNGannotations" name="Test1" time="0.008"/>
  <system-out/>
  <testcase classname="Pscript.TestNGannotations" name="Test2" time="0.003"/>
  <system-out/>
  <testcase classname="Pscript.TestNGannotations" name="Test3" time="0.002"/>
  <system-out/>
</testsuite> <!-- Pscript.TestNGannotations -->
