<?xml version="1.0" encoding="UTF-8"?>
<!-- Generated by org.testng.reporters.JUnitReportReporter -->
<testsuite hostname="LAPTOP-JCF6B40P" failures="0" tests="1" name="Pscript.Sample10" time="0.012" errors="0" timestamp="2022-10-26T09:33:18 IST" skipped="0">
  <testcase classname="Pscript.Sample10" name="Test1" time="0.012"/>
  <system-out>
Success  </system-out>
</testsuite> <!-- Pscript.Sample10 -->
